  復元対象のプロジェクトを決定しています...
  復元対象のすべてのプロジェクトは最新です。
  andon -> C:\Users\1010821\Desktop\python\andon\andon\bin\Debug\net9.0\win-x64\andon.dll
C:\Users\1010821\Desktop\python\andon\andon\Tests\TestUtilities\Mocks\MockSocket.cs(234,32): warning CS0109: メンバー 'MockSocket.ReceiveAsync(ArraySegment<byte>, SocketFlags, CancellationToken)' はアクセス可能なメンバーを非表示にしません。新しいキーワードは不要です。 [C:\Users\1010821\Desktop\python\andon\andon\Tests\andon.Tests.csproj]
C:\Users\1010821\Desktop\python\andon\andon\Tests\Integration\Core\Managers\PlcCommunicationManagerIntegrationTests.cs(47,41): warning CS8600: Null リテラルまたは Null の可能性がある値を Null 非許容型に変換しています。 [C:\Users\1010821\Desktop\python\andon\andon\Tests\andon.Tests.csproj]
C:\Users\1010821\Desktop\python\andon\andon\Tests\Integration\Core\Managers\PlcCommunicationManagerIntegrationTests.cs(242,41): warning CS8600: Null リテラルまたは Null の可能性がある値を Null 非許容型に変換しています。 [C:\Users\1010821\Desktop\python\andon\andon\Tests\andon.Tests.csproj]
C:\Users\1010821\Desktop\python\andon\andon\Tests\Integration\ErrorHandling_IntegrationTests.cs(234,58): warning CS8604: 'Dictionary<string, DeviceData> SlmpDataParser.ParseReadRandomResponse(byte[] responseFrame, List<DeviceSpecification> devices)' 内のパラメーター 'responseFrame' に Null 参照引数がある可能性があります。 [C:\Users\1010821\Desktop\python\andon\andon\Tests\andon.Tests.csproj]
C:\Users\1010821\Desktop\python\andon\andon\Tests\Integration\Phase2_3_PlcModel_JsonOutputTests.cs(144,27): warning CS8600: Null リテラルまたは Null の可能性がある値を Null 非許容型に変換しています。 [C:\Users\1010821\Desktop\python\andon\andon\Tests\andon.Tests.csproj]
C:\Users\1010821\Desktop\python\andon\andon\Tests\Integration\Phase2_3_PlcModel_JsonOutputTests.cs(171,13): warning CS8604: 'void DataOutputManager.OutputToJson(ProcessedResponseData data, string outputDirectory, string ipAddress, int port, string plcModel, Dictionary<string, DeviceEntryInfo> deviceConfig)' 内のパラメーター 'plcModel' に Null 参照引数がある可能性があります。 [C:\Users\1010821\Desktop\python\andon\andon\Tests\andon.Tests.csproj]
C:\Users\1010821\Desktop\python\andon\andon\Tests\Integration\Phase3_CompleteRemoval_IntegrationTests.cs(48,62): error CS7036: 'logger' の必要なパラメーター 'LoggingManager.LoggingManager(ILogger<LoggingManager>)' に対応する特定の引数がありません [C:\Users\1010821\Desktop\python\andon\andon\Tests\andon.Tests.csproj]
C:\Users\1010821\Desktop\python\andon\andon\Tests\Integration\Phase3_CompleteRemoval_IntegrationTests.cs(66,24): error CS7036: 'message' の必要なパラメーター 'ILoggingManager.LogError(Exception?, string)' に対応する特定の引数がありません [C:\Users\1010821\Desktop\python\andon\andon\Tests\andon.Tests.csproj]
C:\Users\1010821\Desktop\python\andon\andon\Tests\Integration\PlcCommunicationManager_IntegrationTests_TC143_10.cs(203,13): warning CS0618: 'ProcessedResponseData.BasicProcessedDevices' は旧形式です ('Phase10で削除予定。ProcessedDataプロパティを使用してください。') [C:\Users\1010821\Desktop\python\andon\andon\Tests\andon.Tests.csproj]
C:\Users\1010821\Desktop\python\andon\andon\Tests\Integration\PlcCommunicationManager_IntegrationTests_TC143_10.cs(204,13): warning CS0618: 'ProcessedResponseData.CombinedDWordDevices' は旧形式です ('Phase10で削除予定。ProcessedDataプロパティを使用してください。') [C:\Users\1010821\Desktop\python\andon\andon\Tests\andon.Tests.csproj]
C:\Users\1010821\Desktop\python\andon\andon\Tests\Integration\PlcCommunicationManager_IntegrationTests_TC143_10.cs(191,67): warning CS8604: 'Task<BasicProcessedResponseData> PlcCommunicationManager.ProcessReceivedRawData(byte[] rawData, ProcessedDeviceRequestInfo processedRequestInfo, CancellationToken cancellationToken = default(CancellationToken))' 内のパラメーター 'rawData' に Null 参照引数がある可能性があります。 [C:\Users\1010821\Desktop\python\andon\andon\Tests\andon.Tests.csproj]
C:\Users\1010821\Desktop\python\andon\andon\Tests\Integration\Phase3_CompleteRemoval_IntegrationTests.cs(83,17): error CS0117: 'PlcConfiguration' に 'UseTcp' の定義がありません [C:\Users\1010821\Desktop\python\andon\andon\Tests\andon.Tests.csproj]
C:\Users\1010821\Desktop\python\andon\andon\Tests\Integration\Phase3_CompleteRemoval_IntegrationTests.cs(86,17): error CS0117: 'PlcConfiguration' に 'ConnectTimeoutMs' の定義がありません [C:\Users\1010821\Desktop\python\andon\andon\Tests\andon.Tests.csproj]
C:\Users\1010821\Desktop\python\andon\andon\Tests\Integration\Phase3_CompleteRemoval_IntegrationTests.cs(87,17): error CS0117: 'PlcConfiguration' に 'SendTimeoutMs' の定義がありません [C:\Users\1010821\Desktop\python\andon\andon\Tests\andon.Tests.csproj]
C:\Users\1010821\Desktop\python\andon\andon\Tests\Integration\Phase3_CompleteRemoval_IntegrationTests.cs(88,17): error CS0117: 'PlcConfiguration' に 'ReceiveTimeoutMs' の定義がありません [C:\Users\1010821\Desktop\python\andon\andon\Tests\andon.Tests.csproj]
C:\Users\1010821\Desktop\python\andon\andon\Tests\Integration\Phase3_CompleteRemoval_IntegrationTests.cs(97,31): error CS1501: 引数 5 を指定するメソッド 'ConnectAsync' のオーバーロードはありません [C:\Users\1010821\Desktop\python\andon\andon\Tests\andon.Tests.csproj]
C:\Users\1010821\Desktop\python\andon\andon\Tests\Integration\Phase3_CompleteRemoval_IntegrationTests.cs(105,21): error CS0117: 'ConnectionResponse' に 'IsSuccess' の定義がありません [C:\Users\1010821\Desktop\python\andon\andon\Tests\andon.Tests.csproj]
C:\Users\1010821\Desktop\python\andon\andon\Tests\Integration\Phase3_CompleteRemoval_IntegrationTests.cs(110,31): error CS1501: 引数 3 を指定するメソッド 'SendFrameAsync' のオーバーロードはありません [C:\Users\1010821\Desktop\python\andon\andon\Tests\andon.Tests.csproj]
C:\Users\1010821\Desktop\python\andon\andon\Tests\Integration\Phase3_CompleteRemoval_IntegrationTests.cs(114,31): error CS1501: 引数 2 を指定するメソッド 'ReceiveResponseAsync' のオーバーロードはありません [C:\Users\1010821\Desktop\python\andon\andon\Tests\andon.Tests.csproj]
C:\Users\1010821\Desktop\python\andon\andon\Tests\Integration\Phase3_CompleteRemoval_IntegrationTests.cs(118,31): error CS1501: 引数 1 を指定するメソッド 'DisconnectAsync' のオーバーロードはありません [C:\Users\1010821\Desktop\python\andon\andon\Tests\andon.Tests.csproj]
C:\Users\1010821\Desktop\python\andon\andon\Tests\Integration\Phase3_CompleteRemoval_IntegrationTests.cs(121,21): error CS0117: 'ConnectionStats' に 'IsSuccess' の定義がありません [C:\Users\1010821\Desktop\python\andon\andon\Tests\andon.Tests.csproj]
C:\Users\1010821\Desktop\python\andon\andon\Tests\Integration\Phase3_CompleteRemoval_IntegrationTests.cs(125,17): error CS1503: 引数 1: は 'Andon.Core.Interfaces.IPlcCommunicationManager' から 'Andon.Core.Interfaces.IConfigToFrameManager' へ変換することはできません [C:\Users\1010821\Desktop\python\andon\andon\Tests\andon.Tests.csproj]
C:\Users\1010821\Desktop\python\andon\andon\Tests\Integration\Phase3_CompleteRemoval_IntegrationTests.cs(131,45): error CS1061: 'ExecutionOrchestrator' に 'RunDataCycleAsync' の定義が含まれておらず、型 'ExecutionOrchestrator' の最初の引数を受け付けるアクセス可能な拡張メソッド 'RunDataCycleAsync' が見つかりませんでした。using ディレクティブまたはアセンブリ参照が不足していないことを確認してください [C:\Users\1010821\Desktop\python\andon\andon\Tests\andon.Tests.csproj]
C:\Users\1010821\Desktop\python\andon\andon\Tests\Integration\Phase3_CompleteRemoval_IntegrationTests.cs(150,38): error CS7036: 'logger' の必要なパラメーター 'LoggingManager.LoggingManager(ILogger<LoggingManager>)' に対応する特定の引数がありません [C:\Users\1010821\Desktop\python\andon\andon\Tests\andon.Tests.csproj]
C:\Users\1010821\Desktop\python\andon\andon\Tests\Integration\ContinuousMode_IntegrationTests.cs(391,23): warning CS1998: この非同期メソッドには 'await' 演算子がないため、同期的に実行されます。'await' 演算子を使用して非ブロッキング API 呼び出しを待機するか、'await Task.Run(...)' を使用してバックグラウンドのスレッドに対して CPU 主体の処理を実行することを検討してください。 [C:\Users\1010821\Desktop\python\andon\andon\Tests\andon.Tests.csproj]
C:\Users\1010821\Desktop\python\andon\andon\Tests\Integration\Phase3_CompleteRemoval_IntegrationTests.cs(179,21): error CS0117: 'PlcConfiguration' に 'UseTcp' の定義がありません [C:\Users\1010821\Desktop\python\andon\andon\Tests\andon.Tests.csproj]
C:\Users\1010821\Desktop\python\andon\andon\Tests\Integration\Phase3_CompleteRemoval_IntegrationTests.cs(188,21): error CS0117: 'PlcConfiguration' に 'UseTcp' の定義がありません [C:\Users\1010821\Desktop\python\andon\andon\Tests\andon.Tests.csproj]
C:\Users\1010821\Desktop\python\andon\andon\Tests\Integration\Phase3_CompleteRemoval_IntegrationTests.cs(196,31): error CS1501: 引数 5 を指定するメソッド 'ConnectAsync' のオーバーロードはありません [C:\Users\1010821\Desktop\python\andon\andon\Tests\andon.Tests.csproj]
C:\Users\1010821\Desktop\python\andon\andon\Tests\Integration\Phase3_CompleteRemoval_IntegrationTests.cs(204,21): error CS0117: 'ConnectionResponse' に 'IsSuccess' の定義がありません [C:\Users\1010821\Desktop\python\andon\andon\Tests\andon.Tests.csproj]
C:\Users\1010821\Desktop\python\andon\andon\Tests\Integration\Phase3_CompleteRemoval_IntegrationTests.cs(209,31): error CS1501: 引数 1 を指定するメソッド 'DisconnectAsync' のオーバーロードはありません [C:\Users\1010821\Desktop\python\andon\andon\Tests\andon.Tests.csproj]
C:\Users\1010821\Desktop\python\andon\andon\Tests\Integration\Phase3_CompleteRemoval_IntegrationTests.cs(210,71): error CS0117: 'ConnectionStats' に 'IsSuccess' の定義がありません [C:\Users\1010821\Desktop\python\andon\andon\Tests\andon.Tests.csproj]
C:\Users\1010821\Desktop\python\andon\andon\Tests\Integration\Phase3_CompleteRemoval_IntegrationTests.cs(213,17): error CS1503: 引数 1: は 'Andon.Core.Interfaces.IPlcCommunicationManager' から 'Andon.Core.Interfaces.IConfigToFrameManager' へ変換することはできません [C:\Users\1010821\Desktop\python\andon\andon\Tests\andon.Tests.csproj]
C:\Users\1010821\Desktop\python\andon\andon\Tests\Integration\Phase3_CompleteRemoval_IntegrationTests.cs(170,27): warning CS1998: この非同期メソッドには 'await' 演算子がないため、同期的に実行されます。'await' 演算子を使用して非ブロッキング API 呼び出しを待機するか、'await Task.Run(...)' を使用してバックグラウンドのスレッドに対して CPU 主体の処理を実行することを検討してください。 [C:\Users\1010821\Desktop\python\andon\andon\Tests\andon.Tests.csproj]
C:\Users\1010821\Desktop\python\andon\andon\Tests\Integration\Step3_6_IntegrationTests.cs(602,21): warning CS0618: 'ProcessedResponseData.BasicProcessedDevices' は旧形式です ('Phase10で削除予定。ProcessedDataプロパティを使用してください。') [C:\Users\1010821\Desktop\python\andon\andon\Tests\andon.Tests.csproj]
C:\Users\1010821\Desktop\python\andon\andon\Tests\Integration\Step3_6_IntegrationTests.cs(576,21): warning CS8629: Null 許容値型は Null になる場合があります。 [C:\Users\1010821\Desktop\python\andon\andon\Tests\andon.Tests.csproj]
C:\Users\1010821\Desktop\python\andon\andon\Tests\Integration\Phase3_CompleteRemoval_IntegrationTests.cs(266,17): error CS0117: 'PlcConfiguration' に 'UseTcp' の定義がありません [C:\Users\1010821\Desktop\python\andon\andon\Tests\andon.Tests.csproj]
C:\Users\1010821\Desktop\python\andon\andon\Tests\Integration\Phase3_CompleteRemoval_IntegrationTests.cs(269,17): error CS0117: 'PlcConfiguration' に 'ConnectTimeoutMs' の定義がありません [C:\Users\1010821\Desktop\python\andon\andon\Tests\andon.Tests.csproj]
C:\Users\1010821\Desktop\python\andon\andon\Tests\Integration\Phase3_CompleteRemoval_IntegrationTests.cs(270,17): error CS0117: 'PlcConfiguration' に 'SendTimeoutMs' の定義がありません [C:\Users\1010821\Desktop\python\andon\andon\Tests\andon.Tests.csproj]
C:\Users\1010821\Desktop\python\andon\andon\Tests\Integration\Phase3_CompleteRemoval_IntegrationTests.cs(271,17): error CS0117: 'PlcConfiguration' に 'ReceiveTimeoutMs' の定義がありません [C:\Users\1010821\Desktop\python\andon\andon\Tests\andon.Tests.csproj]
C:\Users\1010821\Desktop\python\andon\andon\Tests\Integration\Phase3_CompleteRemoval_IntegrationTests.cs(281,31): error CS1061: 'IDataOutputManager' に 'WriteToFileAsync' の定義が含まれておらず、型 'IDataOutputManager' の最初の引数を受け付けるアクセス可能な拡張メソッド 'WriteToFileAsync' が見つかりませんでした。using ディレクティブまたはアセンブリ参照が不足していないことを確認してください [C:\Users\1010821\Desktop\python\andon\andon\Tests\andon.Tests.csproj]
C:\Users\1010821\Desktop\python\andon\andon\Tests\Integration\Phase3_CompleteRemoval_IntegrationTests.cs(292,31): error CS1501: 引数 5 を指定するメソッド 'ConnectAsync' のオーバーロードはありません [C:\Users\1010821\Desktop\python\andon\andon\Tests\andon.Tests.csproj]
C:\Users\1010821\Desktop\python\andon\andon\Tests\Integration\Phase3_CompleteRemoval_IntegrationTests.cs(300,21): error CS0117: 'ConnectionResponse' に 'IsSuccess' の定義がありません [C:\Users\1010821\Desktop\python\andon\andon\Tests\andon.Tests.csproj]
C:\Users\1010821\Desktop\python\andon\andon\Tests\Integration\Phase3_CompleteRemoval_IntegrationTests.cs(305,31): error CS1501: 引数 3 を指定するメソッド 'SendFrameAsync' のオーバーロードはありません [C:\Users\1010821\Desktop\python\andon\andon\Tests\andon.Tests.csproj]
C:\Users\1010821\Desktop\python\andon\andon\Tests\Integration\Phase3_CompleteRemoval_IntegrationTests.cs(309,31): error CS1501: 引数 2 を指定するメソッド 'ReceiveResponseAsync' のオーバーロードはありません [C:\Users\1010821\Desktop\python\andon\andon\Tests\andon.Tests.csproj]
C:\Users\1010821\Desktop\python\andon\andon\Tests\Integration\Phase3_CompleteRemoval_IntegrationTests.cs(313,31): error CS1501: 引数 1 を指定するメソッド 'DisconnectAsync' のオーバーロードはありません [C:\Users\1010821\Desktop\python\andon\andon\Tests\andon.Tests.csproj]
C:\Users\1010821\Desktop\python\andon\andon\Tests\Integration\Phase3_CompleteRemoval_IntegrationTests.cs(314,71): error CS0117: 'ConnectionStats' に 'IsSuccess' の定義がありません [C:\Users\1010821\Desktop\python\andon\andon\Tests\andon.Tests.csproj]
C:\Users\1010821\Desktop\python\andon\andon\Tests\Integration\Phase3_CompleteRemoval_IntegrationTests.cs(317,17): error CS1503: 引数 1: は 'Andon.Core.Interfaces.IPlcCommunicationManager' から 'Andon.Core.Interfaces.IConfigToFrameManager' へ変換することはできません [C:\Users\1010821\Desktop\python\andon\andon\Tests\andon.Tests.csproj]
C:\Users\1010821\Desktop\python\andon\andon\Tests\Integration\Phase3_CompleteRemoval_IntegrationTests.cs(323,32): error CS1061: 'ExecutionOrchestrator' に 'RunDataCycleAsync' の定義が含まれておらず、型 'ExecutionOrchestrator' の最初の引数を受け付けるアクセス可能な拡張メソッド 'RunDataCycleAsync' が見つかりませんでした。using ディレクティブまたはアセンブリ参照が不足していないことを確認してください [C:\Users\1010821\Desktop\python\andon\andon\Tests\andon.Tests.csproj]
C:\Users\1010821\Desktop\python\andon\andon\Tests\Integration\Phase3_CompleteRemoval_IntegrationTests.cs(328,24): error CS1061: 'IDataOutputManager' に 'WriteToFileAsync' の定義が含まれておらず、型 'IDataOutputManager' の最初の引数を受け付けるアクセス可能な拡張メソッド 'WriteToFileAsync' が見つかりませんでした。using ディレクティブまたはアセンブリ参照が不足していないことを確認してください [C:\Users\1010821\Desktop\python\andon\andon\Tests\andon.Tests.csproj]
C:\Users\1010821\Desktop\python\andon\andon\Tests\Integration\PlcCommunicationManager_IntegrationTests_TC143_10.cs(274,13): warning CS0618: 'ProcessedResponseData.BasicProcessedDevices' は旧形式です ('Phase10で削除予定。ProcessedDataプロパティを使用してください。') [C:\Users\1010821\Desktop\python\andon\andon\Tests\andon.Tests.csproj]
C:\Users\1010821\Desktop\python\andon\andon\Tests\Integration\PlcCommunicationManager_IntegrationTests_TC143_10.cs(275,13): warning CS0618: 'ProcessedResponseData.CombinedDWordDevices' は旧形式です ('Phase10で削除予定。ProcessedDataプロパティを使用してください。') [C:\Users\1010821\Desktop\python\andon\andon\Tests\andon.Tests.csproj]
C:\Users\1010821\Desktop\python\andon\andon\Tests\Integration\PlcCommunicationManager_IntegrationTests_TC143_10.cs(268,67): warning CS8604: 'Task<BasicProcessedResponseData> PlcCommunicationManager.ProcessReceivedRawData(byte[] rawData, ProcessedDeviceRequestInfo processedRequestInfo, CancellationToken cancellationToken = default(CancellationToken))' 内のパラメーター 'rawData' に Null 参照引数がある可能性があります。 [C:\Users\1010821\Desktop\python\andon\andon\Tests\andon.Tests.csproj]
C:\Users\1010821\Desktop\python\andon\andon\Tests\Integration\PlcCommunicationManager_IntegrationTests_TC143_10.cs(324,22): warning CS0618: 'ProcessedResponseData.CombinedDWordDevices' は旧形式です ('Phase10で削除予定。ProcessedDataプロパティを使用してください。') [C:\Users\1010821\Desktop\python\andon\andon\Tests\andon.Tests.csproj]
C:\Users\1010821\Desktop\python\andon\andon\Tests\Integration\Phase3_CompleteRemoval_IntegrationTests.cs(350,17): error CS0117: 'PlcConfiguration' に 'UseTcp' の定義がありません [C:\Users\1010821\Desktop\python\andon\andon\Tests\andon.Tests.csproj]
C:\Users\1010821\Desktop\python\andon\andon\Tests\Integration\Phase3_CompleteRemoval_IntegrationTests.cs(353,17): error CS0117: 'PlcConfiguration' に 'ConnectTimeoutMs' の定義がありません [C:\Users\1010821\Desktop\python\andon\andon\Tests\andon.Tests.csproj]
C:\Users\1010821\Desktop\python\andon\andon\Tests\Integration\Phase3_CompleteRemoval_IntegrationTests.cs(354,17): error CS0117: 'PlcConfiguration' に 'SendTimeoutMs' の定義がありません [C:\Users\1010821\Desktop\python\andon\andon\Tests\andon.Tests.csproj]
C:\Users\1010821\Desktop\python\andon\andon\Tests\Integration\Phase3_CompleteRemoval_IntegrationTests.cs(355,17): error CS0117: 'PlcConfiguration' に 'ReceiveTimeoutMs' の定義がありません [C:\Users\1010821\Desktop\python\andon\andon\Tests\andon.Tests.csproj]
C:\Users\1010821\Desktop\python\andon\andon\Tests\Integration\Phase3_CompleteRemoval_IntegrationTests.cs(365,31): error CS1061: 'IDataOutputManager' に 'WriteToFileAsync' の定義が含まれておらず、型 'IDataOutputManager' の最初の引数を受け付けるアクセス可能な拡張メソッド 'WriteToFileAsync' が見つかりませんでした。using ディレクティブまたはアセンブリ参照が不足していないことを確認してください [C:\Users\1010821\Desktop\python\andon\andon\Tests\andon.Tests.csproj]
C:\Users\1010821\Desktop\python\andon\andon\Tests\Integration\Phase3_CompleteRemoval_IntegrationTests.cs(376,31): error CS1501: 引数 5 を指定するメソッド 'ConnectAsync' のオーバーロードはありません [C:\Users\1010821\Desktop\python\andon\andon\Tests\andon.Tests.csproj]
C:\Users\1010821\Desktop\python\andon\andon\Tests\Integration\Phase3_CompleteRemoval_IntegrationTests.cs(384,21): error CS0117: 'ConnectionResponse' に 'IsSuccess' の定義がありません [C:\Users\1010821\Desktop\python\andon\andon\Tests\andon.Tests.csproj]
C:\Users\1010821\Desktop\python\andon\andon\Tests\Integration\Phase3_CompleteRemoval_IntegrationTests.cs(389,31): error CS1501: 引数 3 を指定するメソッド 'SendFrameAsync' のオーバーロードはありません [C:\Users\1010821\Desktop\python\andon\andon\Tests\andon.Tests.csproj]
C:\Users\1010821\Desktop\python\andon\andon\Tests\Integration\Phase3_CompleteRemoval_IntegrationTests.cs(393,31): error CS1501: 引数 2 を指定するメソッド 'ReceiveResponseAsync' のオーバーロードはありません [C:\Users\1010821\Desktop\python\andon\andon\Tests\andon.Tests.csproj]
C:\Users\1010821\Desktop\python\andon\andon\Tests\Integration\Phase3_CompleteRemoval_IntegrationTests.cs(397,31): error CS1501: 引数 1 を指定するメソッド 'DisconnectAsync' のオーバーロードはありません [C:\Users\1010821\Desktop\python\andon\andon\Tests\andon.Tests.csproj]
C:\Users\1010821\Desktop\python\andon\andon\Tests\Integration\Phase3_CompleteRemoval_IntegrationTests.cs(398,71): error CS0117: 'ConnectionStats' に 'IsSuccess' の定義がありません [C:\Users\1010821\Desktop\python\andon\andon\Tests\andon.Tests.csproj]
C:\Users\1010821\Desktop\python\andon\andon\Tests\Integration\Phase3_CompleteRemoval_IntegrationTests.cs(401,17): error CS1503: 引数 1: は 'Andon.Core.Interfaces.IPlcCommunicationManager' から 'Andon.Core.Interfaces.IConfigToFrameManager' へ変換することはできません [C:\Users\1010821\Desktop\python\andon\andon\Tests\andon.Tests.csproj]
C:\Users\1010821\Desktop\python\andon\andon\Tests\Integration\Phase3_CompleteRemoval_IntegrationTests.cs(407,32): error CS1061: 'ExecutionOrchestrator' に 'RunDataCycleAsync' の定義が含まれておらず、型 'ExecutionOrchestrator' の最初の引数を受け付けるアクセス可能な拡張メソッド 'RunDataCycleAsync' が見つかりませんでした。using ディレクティブまたはアセンブリ参照が不足していないことを確認してください [C:\Users\1010821\Desktop\python\andon\andon\Tests\andon.Tests.csproj]
C:\Users\1010821\Desktop\python\andon\andon\Tests\Integration\Phase3_CompleteRemoval_IntegrationTests.cs(412,24): error CS1061: 'IDataOutputManager' に 'WriteToFileAsync' の定義が含まれておらず、型 'IDataOutputManager' の最初の引数を受け付けるアクセス可能な拡張メソッド 'WriteToFileAsync' が見つかりませんでした。using ディレクティブまたはアセンブリ参照が不足していないことを確認してください [C:\Users\1010821\Desktop\python\andon\andon\Tests\andon.Tests.csproj]
C:\Users\1010821\Desktop\python\andon\andon\Tests\TestUtilities\Assertions\DataIntegrityAssertions.cs(89,24): warning CS0618: 'ProcessedResponseData.BasicProcessedDevices' は旧形式です ('Phase10で削除予定。ProcessedDataプロパティを使用してください。') [C:\Users\1010821\Desktop\python\andon\andon\Tests\andon.Tests.csproj]
C:\Users\1010821\Desktop\python\andon\andon\Tests\TestUtilities\Assertions\DataIntegrityAssertions.cs(97,58): warning CS0618: 'ProcessedResponseData.BasicProcessedDevices' は旧形式です ('Phase10で削除予定。ProcessedDataプロパティを使用してください。') [C:\Users\1010821\Desktop\python\andon\andon\Tests\andon.Tests.csproj]
C:\Users\1010821\Desktop\python\andon\andon\Tests\TestUtilities\Assertions\DataIntegrityAssertions.cs(98,26): warning CS0618: 'ProcessedResponseData.CombinedDWordDevices' は旧形式です ('Phase10で削除予定。ProcessedDataプロパティを使用してください。') [C:\Users\1010821\Desktop\python\andon\andon\Tests\andon.Tests.csproj]
C:\Users\1010821\Desktop\python\andon\andon\Tests\TestUtilities\Assertions\DataIntegrityAssertions.cs(103,32): warning CS0618: 'ProcessedResponseData.BasicProcessedDevices' は旧形式です ('Phase10で削除予定。ProcessedDataプロパティを使用してください。') [C:\Users\1010821\Desktop\python\andon\andon\Tests\andon.Tests.csproj]
C:\Users\1010821\Desktop\python\andon\andon\Tests\TestUtilities\Assertions\DataIntegrityAssertions.cs(103,76): warning CS0618: 'ProcessedResponseData.CombinedDWordDevices' は旧形式です ('Phase10で削除予定。ProcessedDataプロパティを使用してください。') [C:\Users\1010821\Desktop\python\andon\andon\Tests\andon.Tests.csproj]
C:\Users\1010821\Desktop\python\andon\andon\Tests\TestUtilities\Assertions\DataIntegrityAssertions.cs(105,29): warning CS0618: 'ProcessedResponseData.CombinedDWordDevices' は旧形式です ('Phase10で削除予定。ProcessedDataプロパティを使用してください。') [C:\Users\1010821\Desktop\python\andon\andon\Tests\andon.Tests.csproj]
C:\Users\1010821\Desktop\python\andon\andon\Tests\TestUtilities\Assertions\DataIntegrityAssertions.cs(128,29): warning CS0618: 'ProcessedResponseData.BasicProcessedDevices' は旧形式です ('Phase10で削除予定。ProcessedDataプロパティを使用してください。') [C:\Users\1010821\Desktop\python\andon\andon\Tests\andon.Tests.csproj]
C:\Users\1010821\Desktop\python\andon\andon\Tests\TestUtilities\Assertions\DataIntegrityAssertions.cs(128,73): warning CS0618: 'ProcessedResponseData.CombinedDWordDevices' は旧形式です ('Phase10で削除予定。ProcessedDataプロパティを使用してください。') [C:\Users\1010821\Desktop\python\andon\andon\Tests\andon.Tests.csproj]
C:\Users\1010821\Desktop\python\andon\andon\Tests\TestUtilities\Assertions\DataIntegrityAssertions.cs(249,25): warning CS0618: 'ProcessedResponseData.CombinedDWordDevices' は旧形式です ('Phase10で削除予定。ProcessedDataプロパティを使用してください。') [C:\Users\1010821\Desktop\python\andon\andon\Tests\andon.Tests.csproj]
C:\Users\1010821\Desktop\python\andon\andon\Tests\Unit\Core\Managers\PlcCommunicationManagerTests_ParseRawToStructuredData.cs(35,13): warning CS0618: 'ProcessedResponseData.BasicProcessedDevices' は旧形式です ('Phase10で削除予定。ProcessedDataプロパティを使用してください。') [C:\Users\1010821\Desktop\python\andon\andon\Tests\andon.Tests.csproj]
C:\Users\1010821\Desktop\python\andon\andon\Tests\Unit\Core\Models\ConfigModels\PlcConfigurationTests.cs(280,23): warning CS8625: null リテラルを null 非許容参照型に変換できません。 [C:\Users\1010821\Desktop\python\andon\andon\Tests\andon.Tests.csproj]
C:\Users\1010821\Desktop\python\andon\andon\Tests\Unit\Core\Managers\PlcCommunicationManagerTests_ParseRawToStructuredData.cs(189,13): warning CS0618: 'ProcessedResponseData.BasicProcessedDevices' は旧形式です ('Phase10で削除予定。ProcessedDataプロパティを使用してください。') [C:\Users\1010821\Desktop\python\andon\andon\Tests\andon.Tests.csproj]
C:\Users\1010821\Desktop\python\andon\andon\Tests\Unit\Core\Managers\PlcCommunicationManagerTests_ParseRawToStructuredData.cs(275,13): warning CS0618: 'ProcessedResponseData.BasicProcessedDevices' は旧形式です ('Phase10で削除予定。ProcessedDataプロパティを使用してください。') [C:\Users\1010821\Desktop\python\andon\andon\Tests\andon.Tests.csproj]
C:\Users\1010821\Desktop\python\andon\andon\Tests\Unit\Core\Managers\PlcCommunicationManagerTests_ParseRawToStructuredData.cs(398,13): warning CS0618: 'ProcessedResponseData.BasicProcessedDevices' は旧形式です ('Phase10で削除予定。ProcessedDataプロパティを使用してください。') [C:\Users\1010821\Desktop\python\andon\andon\Tests\andon.Tests.csproj]
C:\Users\1010821\Desktop\python\andon\andon\Tests\Unit\Core\Managers\PlcCommunicationManagerTests_ParseRawToStructuredData.cs(478,13): warning CS0618: 'ProcessedResponseData.CombinedDWordDevices' は旧形式です ('Phase10で削除予定。ProcessedDataプロパティを使用してください。') [C:\Users\1010821\Desktop\python\andon\andon\Tests\andon.Tests.csproj]
C:\Users\1010821\Desktop\python\andon\andon\Tests\Unit\Core\Managers\PlcCommunicationManagerTests_ParseRawToStructuredData.cs(660,13): warning CS0618: 'ProcessedResponseData.BasicProcessedDevices' は旧形式です ('Phase10で削除予定。ProcessedDataプロパティを使用してください。') [C:\Users\1010821\Desktop\python\andon\andon\Tests\andon.Tests.csproj]
C:\Users\1010821\Desktop\python\andon\andon\Tests\Unit\Models\ProcessedResponseDataTests.cs(42,28): warning CS0618: 'ProcessedResponseData.BasicProcessedDevices' は旧形式です ('Phase10で削除予定。ProcessedDataプロパティを使用してください。') [C:\Users\1010821\Desktop\python\andon\andon\Tests\andon.Tests.csproj]
C:\Users\1010821\Desktop\python\andon\andon\Tests\Unit\Models\ProcessedResponseDataTests.cs(73,28): warning CS0618: 'ProcessedResponseData.CombinedDWordDevices' は旧形式です ('Phase10で削除予定。ProcessedDataプロパティを使用してください。') [C:\Users\1010821\Desktop\python\andon\andon\Tests\andon.Tests.csproj]
C:\Users\1010821\Desktop\python\andon\andon\Tests\Unit\Models\ProcessedResponseDataTests.cs(114,28): warning CS0618: 'ProcessedResponseData.BasicProcessedDevices' は旧形式です ('Phase10で削除予定。ProcessedDataプロパティを使用してください。') [C:\Users\1010821\Desktop\python\andon\andon\Tests\andon.Tests.csproj]
C:\Users\1010821\Desktop\python\andon\andon\Tests\Unit\Core\Managers\DataOutputManagerTests.cs(895,38): warning CS8600: Null リテラルまたは Null の可能性がある値を Null 非許容型に変換しています。 [C:\Users\1010821\Desktop\python\andon\andon\Tests\andon.Tests.csproj]
C:\Users\1010821\Desktop\python\andon\andon\Tests\Unit\Core\Managers\DataOutputManagerTests.cs(901,35): warning CS8604: 'void DataOutputManager.OutputToJson(ProcessedResponseData data, string outputDirectory, string ipAddress, int port, string plcModel, Dictionary<string, DeviceEntryInfo> deviceConfig)' 内のパラメーター 'data' に Null 参照引数がある可能性があります。 [C:\Users\1010821\Desktop\python\andon\andon\Tests\andon.Tests.csproj]
C:\Users\1010821\Desktop\python\andon\andon\Tests\Unit\Core\Managers\ConfigToFrameManagerTests.cs(474,62): warning CS8600: Null リテラルまたは Null の可能性がある値を Null 非許容型に変換しています。 [C:\Users\1010821\Desktop\python\andon\andon\Tests\andon.Tests.csproj]
C:\Users\1010821\Desktop\python\andon\andon\Tests\Unit\Core\Managers\ConfigToFrameManagerTests.cs(474,62): warning CS8625: null リテラルを null 非許容参照型に変換できません。 [C:\Users\1010821\Desktop\python\andon\andon\Tests\andon.Tests.csproj]
C:\Users\1010821\Desktop\python\andon\andon\Tests\Unit\Core\Managers\ConfigToFrameManagerTests.cs(550,57): warning CS8600: Null リテラルまたは Null の可能性がある値を Null 非許容型に変換しています。 [C:\Users\1010821\Desktop\python\andon\andon\Tests\andon.Tests.csproj]
C:\Users\1010821\Desktop\python\andon\andon\Tests\Unit\Core\Managers\ConfigToFrameManagerTests.cs(550,57): warning CS8625: null リテラルを null 非許容参照型に変換できません。 [C:\Users\1010821\Desktop\python\andon\andon\Tests\andon.Tests.csproj]
C:\Users\1010821\Desktop\python\andon\andon\Tests\Unit\Core\Managers\LoggingManagerTests.cs(300,23): warning CS1998: この非同期メソッドには 'await' 演算子がないため、同期的に実行されます。'await' 演算子を使用して非ブロッキング API 呼び出しを待機するか、'await Task.Run(...)' を使用してバックグラウンドのスレッドに対して CPU 主体の処理を実行することを検討してください。 [C:\Users\1010821\Desktop\python\andon\andon\Tests\andon.Tests.csproj]
C:\Users\1010821\Desktop\python\andon\andon\Tests\Unit\Core\Managers\PlcCommunicationManagerTests.cs(689,13): warning CS0618: 'ProcessedResponseData.BasicProcessedDevices' は旧形式です ('Phase10で削除予定。ProcessedDataプロパティを使用してください。') [C:\Users\1010821\Desktop\python\andon\andon\Tests\andon.Tests.csproj]
C:\Users\1010821\Desktop\python\andon\andon\Tests\Unit\Core\Managers\PlcCommunicationManagerTests.cs(694,13): warning CS0618: 'ProcessedResponseData.CombinedDWordDevices' は旧形式です ('Phase10で削除予定。ProcessedDataプロパティを使用してください。') [C:\Users\1010821\Desktop\python\andon\andon\Tests\andon.Tests.csproj]
C:\Users\1010821\Desktop\python\andon\andon\Tests\Unit\Core\Managers\PlcCommunicationManagerTests.cs(825,13): warning CS0618: 'ProcessedResponseData.BasicProcessedDevices' は旧形式です ('Phase10で削除予定。ProcessedDataプロパティを使用してください。') [C:\Users\1010821\Desktop\python\andon\andon\Tests\andon.Tests.csproj]
C:\Users\1010821\Desktop\python\andon\andon\Tests\Unit\Core\Managers\PlcCommunicationManagerTests.cs(830,13): warning CS0618: 'ProcessedResponseData.CombinedDWordDevices' は旧形式です ('Phase10で削除予定。ProcessedDataプロパティを使用してください。') [C:\Users\1010821\Desktop\python\andon\andon\Tests\andon.Tests.csproj]
C:\Users\1010821\Desktop\python\andon\andon\Tests\Integration\Core\Managers\PlcCommunicationManagerIntegrationTests.cs(56,17): warning xUnit2020: Do not use Assert.True(false, message) to fail a test. Use Assert.Fail(message) instead. (https://xunit.net/xunit.analyzers/rules/xUnit2020) [C:\Users\1010821\Desktop\python\andon\andon\Tests\andon.Tests.csproj]
C:\Users\1010821\Desktop\python\andon\andon\Tests\Integration\Core\Managers\PlcCommunicationManagerIntegrationTests.cs(249,17): warning xUnit2020: Do not use Assert.True(false, message) to fail a test. Use Assert.Fail(message) instead. (https://xunit.net/xunit.analyzers/rules/xUnit2020) [C:\Users\1010821\Desktop\python\andon\andon\Tests\andon.Tests.csproj]
C:\Users\1010821\Desktop\python\andon\andon\Tests\Integration\ContinuousMode_IntegrationTests.cs(76,17): warning xUnit2013: Do not use Assert.Equal() to check for collection size. Use Assert.Single instead. (https://xunit.net/xunit.analyzers/rules/xUnit2013) [C:\Users\1010821\Desktop\python\andon\andon\Tests\andon.Tests.csproj]
C:\Users\1010821\Desktop\python\andon\andon\Tests\Integration\ContinuousMode_IntegrationTests.cs(77,17): warning xUnit2013: Do not use Assert.Equal() to check for collection size. Use Assert.Single instead. (https://xunit.net/xunit.analyzers/rules/xUnit2013) [C:\Users\1010821\Desktop\python\andon\andon\Tests\andon.Tests.csproj]
C:\Users\1010821\Desktop\python\andon\andon\Tests\Integration\ContinuousMode_IntegrationTests.cs(128,9): warning xUnit2013: Do not use Assert.Equal() to check for collection size. Use Assert.Single instead. (https://xunit.net/xunit.analyzers/rules/xUnit2013) [C:\Users\1010821\Desktop\python\andon\andon\Tests\andon.Tests.csproj]
C:\Users\1010821\Desktop\python\andon\andon\Tests\Integration\Step3_6_IntegrationTests.cs(383,9): warning xUnit2002: Do not use Assert.NotNull() on value type 'DateTime'. Remove this assert. (https://xunit.net/xunit.analyzers/rules/xUnit2002) [C:\Users\1010821\Desktop\python\andon\andon\Tests\andon.Tests.csproj]
C:\Users\1010821\Desktop\python\andon\andon\Tests\Integration\Step3_6_IntegrationTests.cs(465,9): warning xUnit2002: Do not use Assert.NotNull() on value type 'DateTime'. Remove this assert. (https://xunit.net/xunit.analyzers/rules/xUnit2002) [C:\Users\1010821\Desktop\python\andon\andon\Tests\andon.Tests.csproj]
C:\Users\1010821\Desktop\python\andon\andon\Tests\Integration\Step1_2_IntegrationTests.cs(104,47): warning xUnit1031: Test methods should not use blocking task operations, as they can cause deadlocks. Use an async test method and await instead. (https://xunit.net/xunit.analyzers/rules/xUnit1031) [C:\Users\1010821\Desktop\python\andon\andon\Tests\andon.Tests.csproj]
C:\Users\1010821\Desktop\python\andon\andon\Tests\Unit\Core\Models\ProgressInfoTests.cs(51,17): warning xUnit1012: Null should not be used for type parameter 'invalidStep' of type 'string'. Use a non-null value, or convert the parameter to a nullable type. (https://xunit.net/xunit.analyzers/rules/xUnit1012) [C:\Users\1010821\Desktop\python\andon\andon\Tests\andon.Tests.csproj]
C:\Users\1010821\Desktop\python\andon\andon\Tests\Unit\Core\Models\ProgressInfoTests.cs(84,17): warning xUnit1012: Null should not be used for type parameter 'invalidMessage' of type 'string'. Use a non-null value, or convert the parameter to a nullable type. (https://xunit.net/xunit.analyzers/rules/xUnit1012) [C:\Users\1010821\Desktop\python\andon\andon\Tests\andon.Tests.csproj]
C:\Users\1010821\Desktop\python\andon\andon\Tests\Unit\Core\Managers\SequenceNumberManagerTests.cs(115,14): warning xUnit1031: Test methods should not use blocking task operations, as they can cause deadlocks. Use an async test method and await instead. (https://xunit.net/xunit.analyzers/rules/xUnit1031) [C:\Users\1010821\Desktop\python\andon\andon\Tests\andon.Tests.csproj]
C:\Users\1010821\Desktop\python\andon\andon\Tests\Unit\Infrastructure\Configuration\SettingsValidatorTests.cs(31,21): warning xUnit1012: Null should not be used for type parameter 'ipAddress' of type 'string'. Use a non-null value, or convert the parameter to a nullable type. (https://xunit.net/xunit.analyzers/rules/xUnit1012) [C:\Users\1010821\Desktop\python\andon\andon\Tests\andon.Tests.csproj]
C:\Users\1010821\Desktop\python\andon\andon\Tests\Unit\Core\Models\ParallelProgressInfoTests.cs(105,17): warning xUnit1012: Null should not be used for type parameter 'invalidPlcId' of type 'string'. Use a non-null value, or convert the parameter to a nullable type. (https://xunit.net/xunit.analyzers/rules/xUnit1012) [C:\Users\1010821\Desktop\python\andon\andon\Tests\andon.Tests.csproj]
C:\Users\1010821\Desktop\python\andon\andon\Tests\Unit\Infrastructure\Configuration\ConfigurationLoaderExcel_MultiPlcConfigManager_IntegrationTests.cs(186,13): warning xUnit2013: Do not use Assert.Equal() to check for collection size. Use Assert.Single instead. (https://xunit.net/xunit.analyzers/rules/xUnit2013) [C:\Users\1010821\Desktop\python\andon\andon\Tests\andon.Tests.csproj]
C:\Users\1010821\Desktop\python\andon\andon\Tests\Unit\Core\Managers\PlcCommunicationManagerTests.cs(630,9): warning xUnit2013: Do not use Assert.Equal() to check for collection size. Use Assert.Empty instead. (https://xunit.net/xunit.analyzers/rules/xUnit2013) [C:\Users\1010821\Desktop\python\andon\andon\Tests\andon.Tests.csproj]
